<?xml version="1.0" encoding="UTF-8"?>
<!-- Generated by org.testng.reporters.JUnitReportReporter -->
<testsuite hostname="DeepaDeepak" failures="0" tests="1" name="testCases.TC001_AccountRegistrationTest" time="8.864" errors="0" timestamp="2024-08-23T09:52:42 CDT" skipped="0">
  <testcase classname="testCases.TC001_AccountRegistrationTest" name="verify_account_registration" time="8.864"/>
</testsuite> <!-- testCases.TC001_AccountRegistrationTest -->
