<?xml version="1.0" encoding="UTF-8"?>
<!-- Generated by org.testng.reporters.JUnitReportReporter -->
<testsuite hostname="DeepaDeepak" failures="0" tests="1" name="testCases.TC002_LoginTest" time="4.951" errors="0" timestamp="2024-08-23T09:52:42 CDT" skipped="0">
  <testcase classname="testCases.TC002_LoginTest" name="verify_login" time="4.951"/>
</testsuite> <!-- testCases.TC002_LoginTest -->
