<?xml version="1.0" encoding="UTF-8"?>
<!-- Generated by org.testng.reporters.JUnitReportReporter -->
<testsuite hostname="DeepaDeepak" failures="0" tests="1" name="testCases.TC002_LoginTest" time="6.927" errors="0" timestamp="2024-08-23T09:16:10 CDT" skipped="0">
  <testcase classname="testCases.TC002_LoginTest" name="verify_login" time="6.927"/>
</testsuite> <!-- testCases.TC002_LoginTest -->
